# JRE version: Java(TM) SE Runtime Environment (8.0_131-b11) (build 1.8.0_131-b11)
# Java VM: Java HotSpot(TM) 64-Bit Server VM (25.131-b11 mixed mode linux-amd64 compressed oops)
Heap:
 PSYoungGen      total 261632K, used 45328K [0x0000000718d80000, 0x0000000731d00000, 0x00000007c0000000)
  eden space 258048K, 17% used [0x0000000718d80000,0x000000071b9c4350,0x0000000728980000)
  from space 3584K, 0% used [0x0000000729e00000,0x0000000729e00000,0x000000072a180000)
  to   space 20992K, 0% used [0x0000000728980000,0x0000000728980000,0x0000000729e00000)
 ParOldGen       total 431104K, used 51071K [0x00000005ca800000, 0x00000005e4d00000, 0x0000000718d80000)
  object space 431104K, 11% used [0x00000005ca800000,0x00000005cd9dfec0,0x00000005e4d00000)
 Metaspace       used 34959K, capacity 35780K, committed 36096K, reserved 1079296K
  class space    used 6186K, capacity 6290K, committed 6400K, reserved 1048576K
GC Heap History (10 events):
Event: 0,771 GC heap before
{Heap before GC invocations=2 (full 1):
 PSYoungGen      total 150016K, used 14306K [0x0000000718d80000, 0x000000072b280000, 0x00000007c0000000)
  eden space 129024K, 0% used [0x0000000718d80000,0x0000000718d80000,0x0000000720b80000)
  from space 20992K, 68% used [0x0000000720b80000,0x0000000721978b10,0x0000000722000000)
  to   space 20992K, 0% used [0x0000000729e00000,0x0000000729e00000,0x000000072b280000)
 ParOldGen       total 343040K, used 16K [0x00000005ca800000, 0x00000005df700000, 0x0000000718d80000)
  object space 343040K, 0% used [0x00000005ca800000,0x00000005ca804000,0x00000005df700000)
 Metaspace       used 20964K, capacity 21096K, committed 21296K, reserved 1067008K
  class space    used 3117K, capacity 3170K, committed 3200K, reserved 1048576K
Event: 0,814 GC heap after
Heap after GC invocations=2 (full 1):
 PSYoungGen      total 150016K, used 0K [0x0000000718d80000, 0x000000072b280000, 0x00000007c0000000)
  eden space 129024K, 0% used [0x0000000718d80000,0x0000000718d80000,0x0000000720b80000)
  from space 20992K, 0% used [0x0000000720b80000,0x0000000720b80000,0x0000000722000000)
  to   space 20992K, 0% used [0x0000000729e00000,0x0000000729e00000,0x000000072b280000)
 ParOldGen       total 245248K, used 13680K [0x00000005ca800000, 0x00000005d9780000, 0x0000000718d80000)
  object space 245248K, 5% used [0x00000005ca800000,0x00000005cb55c250,0x00000005d9780000)
 Metaspace       used 20964K, capacity 21096K, committed 21296K, reserved 1067008K
  class space    used 3117K, capacity 3170K, committed 3200K, reserved 1048576K
}
Event: 1,440 GC heap before
{Heap before GC invocations=3 (full 1):
 PSYoungGen      total 150016K, used 129024K [0x0000000718d80000, 0x000000072b280000, 0x00000007c0000000)
  eden space 129024K, 100% used [0x0000000718d80000,0x0000000720b80000,0x0000000720b80000)
  from space 20992K, 0% used [0x0000000720b80000,0x0000000720b80000,0x0000000722000000)
  to   space 20992K, 0% used [0x0000000729e00000,0x0000000729e00000,0x000000072b280000)
 ParOldGen       total 245248K, used 13680K [0x00000005ca800000, 0x00000005d9780000, 0x0000000718d80000)
  object space 245248K, 5% used [0x00000005ca800000,0x00000005cb55c250,0x00000005d9780000)
 Metaspace       used 28460K, capacity 28676K, committed 28928K, reserved 1073152K
  class space    used 4759K, capacity 4816K, committed 4864K, reserved 1048576K
Event: 1,471 GC heap after
Heap after GC invocations=3 (full 1):
 PSYoungGen      total 195584K, used 20960K [0x0000000718d80000, 0x000000072b280000, 0x00000007c0000000)
  eden space 174592K, 0% used [0x0000000718d80000,0x0000000718d80000,0x0000000723800000)
  from space 20992K, 99% used [0x0000000729e00000,0x000000072b278050,0x000000072b280000)
  to   space 20992K, 0% used [0x0000000728980000,0x0000000728980000,0x0000000729e00000)
 ParOldGen       total 245248K, used 32773K [0x00000005ca800000, 0x00000005d9780000, 0x0000000718d80000)
  object space 245248K, 13% used [0x00000005ca800000,0x00000005cc801580,0x00000005d9780000)
 Metaspace       used 28460K, capacity 28676K, committed 28928K, reserved 1073152K
  class space    used 4759K, capacity 4816K, committed 4864K, reserved 1048576K
}
Event: 2,256 GC heap before
{Heap before GC invocations=4 (full 1):
 PSYoungGen      total 195584K, used 195552K [0x0000000718d80000, 0x000000072b280000, 0x00000007c0000000)
  eden space 174592K, 100% used [0x0000000718d80000,0x0000000723800000,0x0000000723800000)
  from space 20992K, 99% used [0x0000000729e00000,0x000000072b278050,0x000000072b280000)
  to   space 20992K, 0% used [0x0000000728980000,0x0000000728980000,0x0000000729e00000)
 ParOldGen       total 245248K, used 32773K [0x00000005ca800000, 0x00000005d9780000, 0x0000000718d80000)
  object space 245248K, 13% used [0x00000005ca800000,0x00000005cc801580,0x00000005d9780000)
 Metaspace       used 33630K, capacity 34214K, committed 34432K, reserved 1077248K
  class space    used 6059K, capacity 6153K, committed 6272K, reserved 1048576K
Event: 2,288 GC heap after
Heap after GC invocations=4 (full 1):
 PSYoungGen      total 261632K, used 20980K [0x0000000718d80000, 0x000000072a180000, 0x00000007c0000000)
  eden space 240640K, 0% used [0x0000000718d80000,0x0000000718d80000,0x0000000727880000)
  from space 20992K, 99% used [0x0000000728980000,0x0000000729dfd070,0x0000000729e00000)
  to   space 3584K, 0% used [0x0000000729e00000,0x0000000729e00000,0x000000072a180000)
 ParOldGen       total 245248K, used 46990K [0x00000005ca800000, 0x00000005d9780000, 0x0000000718d80000)
  object space 245248K, 19% used [0x00000005ca800000,0x00000005cd5e3a00,0x00000005d9780000)
 Metaspace       used 33630K, capacity 34214K, committed 34432K, reserved 1077248K
  class space    used 6059K, capacity 6153K, committed 6272K, reserved 1048576K
}
Event: 2,533 GC heap before
{Heap before GC invocations=5 (full 1):
 PSYoungGen      total 261632K, used 94364K [0x0000000718d80000, 0x000000072a180000, 0x00000007c0000000)
  eden space 240640K, 30% used [0x0000000718d80000,0x000000071d52a0d0,0x0000000727880000)
  from space 20992K, 99% used [0x0000000728980000,0x0000000729dfd070,0x0000000729e00000)
  to   space 3584K, 0% used [0x0000000729e00000,0x0000000729e00000,0x000000072a180000)
 ParOldGen       total 245248K, used 46990K [0x00000005ca800000, 0x00000005d9780000, 0x0000000718d80000)
  object space 245248K, 19% used [0x00000005ca800000,0x00000005cd5e3a00,0x00000005d9780000)
 Metaspace       used 34691K, capacity 35434K, committed 35456K, reserved 1079296K
  class space    used 6165K, capacity 6260K, committed 6272K, reserved 1048576K
Event: 2,574 GC heap after
Heap after GC invocations=5 (full 1):
 PSYoungGen      total 261632K, used 3552K [0x0000000718d80000, 0x0000000731d00000, 0x00000007c0000000)
  eden space 258048K, 0% used [0x0000000718d80000,0x0000000718d80000,0x0000000728980000)
  from space 3584K, 99% used [0x0000000729e00000,0x000000072a178020,0x000000072a180000)
  to   space 20992K, 0% used [0x0000000728980000,0x0000000728980000,0x0000000729e00000)
 ParOldGen       total 245248K, used 65006K [0x00000005ca800000, 0x00000005d9780000, 0x0000000718d80000)
  object space 245248K, 26% used [0x00000005ca800000,0x00000005ce77b8b0,0x00000005d9780000)
 Metaspace       used 34691K, capacity 35434K, committed 35456K, reserved 1079296K
  class space    used 6165K, capacity 6260K, committed 6272K, reserved 1048576K
}
Event: 2,574 GC heap before
{Heap before GC invocations=6 (full 2):
 PSYoungGen      total 261632K, used 3552K [0x0000000718d80000, 0x0000000731d00000, 0x00000007c0000000)
  eden space 258048K, 0% used [0x0000000718d80000,0x0000000718d80000,0x0000000728980000)
  from space 3584K, 99% used [0x0000000729e00000,0x000000072a178020,0x000000072a180000)
  to   space 20992K, 0% used [0x0000000728980000,0x0000000728980000,0x0000000729e00000)
 ParOldGen       total 245248K, used 65006K [0x00000005ca800000, 0x00000005d9780000, 0x0000000718d80000)
  object space 245248K, 26% used [0x00000005ca800000,0x00000005ce77b8b0,0x00000005d9780000)
 Metaspace       used 34691K, capacity 35434K, committed 35456K, reserved 1079296K
  class space    used 6165K, capacity 6260K, committed 6272K, reserved 1048576K
Event: 2,723 GC heap after
Heap after GC invocations=6 (full 2):
 PSYoungGen      total 261632K, used 0K [0x0000000718d80000, 0x0000000731d00000, 0x00000007c0000000)
  eden space 258048K, 0% used [0x0000000718d80000,0x0000000718d80000,0x0000000728980000)
  from space 3584K, 0% used [0x0000000729e00000,0x0000000729e00000,0x000000072a180000)
  to   space 20992K, 0% used [0x0000000728980000,0x0000000728980000,0x0000000729e00000)
 ParOldGen       total 431104K, used 51071K [0x00000005ca800000, 0x00000005e4d00000, 0x0000000718d80000)
  object space 431104K, 11% used [0x00000005ca800000,0x00000005cd9dfec0,0x00000005e4d00000)
 Metaspace       used 34673K, capacity 35408K, committed 35456K, reserved 1079296K
  class space    used 6163K, capacity 6254K, committed 6272K, reserved 1048576K
}

